<?xml version="1.0" encoding="UTF-8"?>
<testsuite xmlns:xsi="http://www.w3.org/2001/XMLSchema-instance" xsi:noNamespaceSchemaLocation="https://maven.apache.org/surefire/maven-surefire-plugin/xsd/surefire-test-report-3.0.xsd" version="3.0" name="com.arquitetura.ControleDeProjetosApplicationTests" time="19.351" tests="1" errors="0" skipped="0" failures="0">
  <properties>
[...]
</properties>
  <testcase name="contextLoads" classname="com.arquitetura.ControleDeProjetosApplicationTests" time="1.073">
    <system-out><![CDATA[09:56:28.255 [main] INFO org.springframework.test.context.support.AnnotationConfigContextLoaderUtils -- Could not detect default configuration classes for test class [com.arquitetura.ControleDeProjetosApplicationTests]: ControleDeProjetosApplicationTests does not declare any static, non-private, non-final, nested classes annotated with @Configuration.
09:56:28.478 [main] INFO org.springframework.boot.test.context.SpringBootTestContextBootstrapper -- Found @SpringBootConfiguration com.arquitetura.ControleDeProjetosApplication for test class com.arquitetura.ControleDeProjetosApplicationTests

  .   ____          _            __ _ _
 /\\ / ___'_ __ _ _(_)_ __  __ _ \ \ \ \
( ( )\___ | '_ | '_| | '_ \/ _` | \ \ \ \
 \\/  ___)| |_)| | | | | || (_| |  ) ) ) )
  '  |____| .__|_| |_|_| |_\__, | / / / /
 =========|_|==============|___/=/_/_/_/
 :: Spring Boot ::                (v3.2.0)

2024-02-23T09:56:29.399-03:00  INFO 15276 --- [           main] c.a.ControleDeProjetosApplicationTests   : Starting ControleDeProjetosApplicationTests using Java 21.0.2 with PID 15276 (started by Joelio Marinho in D:\joelio\projetos\projeto spring boot\Arquitetura)
2024-02-23T09:56:29.401-03:00  INFO 15276 --- [           main] c.a.ControleDeProjetosApplicationTests   : No active profile set, falling back to 1 default profile: "default"
2024-02-23T09:56:31.876-03:00  INFO 15276 --- [           main] .s.d.r.c.RepositoryConfigurationDelegate : Bootstrapping Spring Data JPA repositories in DEFAULT mode.
2024-02-23T09:56:32.160-03:00  INFO 15276 --- [           main] .s.d.r.c.RepositoryConfigurationDelegate : Finished Spring Data repository scanning in 237 ms. Found 5 JPA repository interfaces.
2024-02-23T09:56:34.851-03:00  INFO 15276 --- [           main] o.hibernate.jpa.internal.util.LogHelper  : HHH000204: Processing PersistenceUnitInfo [name: default]
2024-02-23T09:56:35.033-03:00  INFO 15276 --- [           main] org.hibernate.Version                    : HHH000412: Hibernate ORM core version 6.3.1.Final
2024-02-23T09:56:35.136-03:00  INFO 15276 --- [           main] o.h.c.internal.RegionFactoryInitiator    : HHH000026: Second-level cache disabled
2024-02-23T09:56:35.718-03:00  INFO 15276 --- [           main] o.s.o.j.p.SpringPersistenceUnitInfo      : No LoadTimeWeaver setup: ignoring JPA class transformer
2024-02-23T09:56:35.777-03:00  INFO 15276 --- [           main] com.zaxxer.hikari.HikariDataSource       : HikariPool-1 - Starting...
2024-02-23T09:56:36.259-03:00  INFO 15276 --- [           main] com.zaxxer.hikari.pool.HikariPool        : HikariPool-1 - Added connection org.postgresql.jdbc.PgConnection@61b8c9de
2024-02-23T09:56:36.262-03:00  INFO 15276 --- [           main] com.zaxxer.hikari.HikariDataSource       : HikariPool-1 - Start completed.
2024-02-23T09:56:38.547-03:00  INFO 15276 --- [           main] o.h.e.t.j.p.i.JtaPlatformInitiator       : HHH000489: No JTA platform available (set 'hibernate.transaction.jta.platform' to enable JTA platform integration)
2024-02-23T09:56:38.870-03:00  INFO 15276 --- [           main] j.LocalContainerEntityManagerFactoryBean : Initialized JPA EntityManagerFactory for persistence unit 'default'
2024-02-23T09:56:41.333-03:00  WARN 15276 --- [           main] JpaBaseConfiguration$JpaWebConfiguration : spring.jpa.open-in-view is enabled by default. Therefore, database queries may be performed during view rendering. Explicitly configure spring.jpa.open-in-view to disable this warning
2024-02-23T09:56:43.503-03:00  INFO 15276 --- [           main] o.s.b.a.e.web.EndpointLinksResolver      : Exposing 1 endpoint(s) beneath base path '/actuator'
2024-02-23T09:56:43.710-03:00  INFO 15276 --- [           main] o.s.s.web.DefaultSecurityFilterChain     : Will secure any request with [org.springframework.security.web.session.DisableEncodeUrlFilter@7b1a9ab3, org.springframework.security.web.context.request.async.WebAsyncManagerIntegrationFilter@605c2b9f, org.springframework.security.web.context.SecurityContextHolderFilter@996293a, org.springframework.security.web.header.HeaderWriterFilter@6e49863e, org.springframework.web.filter.CorsFilter@7bfedff3, org.springframework.security.web.authentication.logout.LogoutFilter@2972b493, com.arquitetura.Infra.Security.SecurityFilter@d408c5d, org.springframework.security.web.savedrequest.RequestCacheAwareFilter@3979c6e8, org.springframework.security.web.servletapi.SecurityContextHolderAwareRequestFilter@4b094115, org.springframework.security.web.authentication.AnonymousAuthenticationFilter@35bcf3a6, org.springframework.security.web.session.SessionManagementFilter@69bdcfbc, org.springframework.security.web.access.ExceptionTranslationFilter@32be672d, org.springframework.security.web.access.intercept.AuthorizationFilter@fe58644]
2024-02-23T09:56:45.782-03:00  INFO 15276 --- [           main] c.a.ControleDeProjetosApplicationTests   : Started ControleDeProjetosApplicationTests in 16.957 seconds (process running for 18.991)
]]></system-out>
    <system-err><![CDATA[WARNING: A Java agent has been loaded dynamically (C:\Users\Joelio Marinho\.m2\repository\net\bytebuddy\byte-buddy-agent\1.14.10\byte-buddy-agent-1.14.10.jar)
WARNING: If a serviceability tool is in use, please run with -XX:+EnableDynamicAgentLoading to hide this warning
WARNING: If a serviceability tool is not in use, please run with -Djdk.instrument.traceUsage for more information
WARNING: Dynamic loading of agents will be disallowed by default in a future release
]]></system-err>
  </testcase>
</testsuite>